!SESSION 2010-06-16 22:45:45.941 -----------------------------------------------
eclipse.buildId=unknown
java.version=1.6.0_20
java.vendor=Sun Microsystems Inc.
BootLoader constants: OS=linux, ARCH=x86, WS=gtk, NL=en_US
Framework arguments:  -product org.eclipse.epp.package.jee.product
Command-line arguments:  -os linux -ws gtk -arch x86 -product org.eclipse.epp.package.jee.product

!ENTRY org.eclipse.team.svn.core.svnnature 4 0 2010-06-16 22:47:23.733
!MESSAGE SVN: 'org.eclipse.team.svn.core.discovery.model.RemoteBundleDiscoveryStrategy$DownloadBundleJob' operation finished with error
!SUBENTRY 1 org.eclipse.team.svn.core.svnnature 4 0 2010-06-16 22:47:23.733
!MESSAGE SVN: 'org.eclipse.team.svn.core.discovery.model.RemoteBundleDiscoveryStrategy$DownloadBundleJob' operation finished with error: Cannot download bundle at http://community.polarion.com/projects/subversive/download/eclipse/2.0/discovery/org.eclipse.team.svn.discovery-0.7.8.I20090808-1500.jar
!STACK 0
java.lang.Exception: Cannot download bundle at http://community.polarion.com/projects/subversive/download/eclipse/2.0/discovery/org.eclipse.team.svn.discovery-0.7.8.I20090808-1500.jar
	at org.eclipse.team.svn.core.discovery.model.RemoteBundleDiscoveryStrategy$DownloadBundleJob.exec(RemoteBundleDiscoveryStrategy.java:157)
	at org.eclipse.team.svn.core.discovery.model.RemoteBundleDiscoveryStrategy.performDiscovery(RemoteBundleDiscoveryStrategy.java:89)
	at org.eclipse.team.svn.core.discovery.model.ConnectorDiscovery.performDiscovery(ConnectorDiscovery.java:101)
	at org.eclipse.team.svn.ui.discovery.wizards.ConnectorDiscoveryWizardMainPage$16.run(ConnectorDiscoveryWizardMainPage.java:1172)
	at org.eclipse.jface.operation.ModalContext$ModalContextThread.run(ModalContext.java:121)
Caused by: java.net.UnknownHostException: community.polarion.com
	at java.net.PlainSocketImpl.connect(PlainSocketImpl.java:177)
	at java.net.SocksSocketImpl.connect(SocksSocketImpl.java:366)
	at java.net.Socket.connect(Socket.java:529)
	at java.net.Socket.connect(Socket.java:478)
	at sun.net.NetworkClient.doConnect(NetworkClient.java:163)
	at sun.net.www.http.HttpClient.openServer(HttpClient.java:394)
	at sun.net.www.http.HttpClient.openServer(HttpClient.java:529)
	at sun.net.www.http.HttpClient.<init>(HttpClient.java:233)
	at sun.net.www.http.HttpClient.New(HttpClient.java:306)
	at sun.net.www.http.HttpClient.New(HttpClient.java:323)
	at sun.net.www.protocol.http.HttpURLConnection.getNewHttpClient(HttpURLConnection.java:860)
	at sun.net.www.protocol.http.HttpURLConnection.plainConnect(HttpURLConnection.java:801)
	at sun.net.www.protocol.http.HttpURLConnection.connect(HttpURLConnection.java:726)
	at sun.net.www.protocol.http.HttpURLConnection.getInputStream(HttpURLConnection.java:1049)
	at java.net.HttpURLConnection.getResponseCode(HttpURLConnection.java:373)
	at org.eclipse.team.svn.core.discovery.util.WebUtil.downloadResource(WebUtil.java:58)
	at org.eclipse.team.svn.core.discovery.model.RemoteBundleDiscoveryStrategy$DownloadBundleJob.exec(RemoteBundleDiscoveryStrategy.java:147)
	... 4 more

!ENTRY org.eclipse.team.svn.core.svnnature 4 0 2010-06-16 22:47:23.767
!MESSAGE Unexpected exception: 
!STACK 0
java.lang.IllegalStateException
	at org.eclipse.team.svn.core.discovery.model.DiscoveryRegistryStrategy.processBundles(DiscoveryRegistryStrategy.java:89)
	at org.eclipse.team.svn.core.discovery.model.DiscoveryRegistryStrategy.onStart(DiscoveryRegistryStrategy.java:64)
	at org.eclipse.core.internal.registry.ExtensionRegistry.<init>(ExtensionRegistry.java:706)
	at org.eclipse.team.svn.core.discovery.model.RemoteBundleDiscoveryStrategy.performDiscovery(RemoteBundleDiscoveryStrategy.java:95)
	at org.eclipse.team.svn.core.discovery.model.ConnectorDiscovery.performDiscovery(ConnectorDiscovery.java:101)
	at org.eclipse.team.svn.ui.discovery.wizards.ConnectorDiscoveryWizardMainPage$16.run(ConnectorDiscoveryWizardMainPage.java:1172)
	at org.eclipse.jface.operation.ModalContext$ModalContextThread.run(ModalContext.java:121)
!SUBENTRY 1 org.eclipse.team.svn.core.svnnature 4 0 2010-06-16 22:47:23.769
!MESSAGE 
!STACK 0
java.lang.IllegalStateException
	at org.eclipse.team.svn.core.discovery.model.DiscoveryRegistryStrategy.processBundles(DiscoveryRegistryStrategy.java:89)
	at org.eclipse.team.svn.core.discovery.model.DiscoveryRegistryStrategy.onStart(DiscoveryRegistryStrategy.java:64)
	at org.eclipse.core.internal.registry.ExtensionRegistry.<init>(ExtensionRegistry.java:706)
	at org.eclipse.team.svn.core.discovery.model.RemoteBundleDiscoveryStrategy.performDiscovery(RemoteBundleDiscoveryStrategy.java:95)
	at org.eclipse.team.svn.core.discovery.model.ConnectorDiscovery.performDiscovery(ConnectorDiscovery.java:101)
	at org.eclipse.team.svn.ui.discovery.wizards.ConnectorDiscoveryWizardMainPage$16.run(ConnectorDiscoveryWizardMainPage.java:1172)
	at org.eclipse.jface.operation.ModalContext$ModalContextThread.run(ModalContext.java:121)
!SESSION 2010-06-17 21:15:50.860 -----------------------------------------------
eclipse.buildId=unknown
java.version=1.6.0_20
java.vendor=Sun Microsystems Inc.
BootLoader constants: OS=linux, ARCH=x86, WS=gtk, NL=en_US
Framework arguments:  -product org.eclipse.epp.package.jee.product
Command-line arguments:  -os linux -ws gtk -arch x86 -product org.eclipse.epp.package.jee.product

!ENTRY org.eclipse.equinox.p2.ui 4 0 2010-06-17 21:17:42.437
!MESSAGE Operation details
!SUBENTRY 1 org.eclipse.equinox.p2.director 4 1 2010-06-17 21:17:42.437
!MESSAGE Cannot complete the install because one or more required items could not be found.
!SUBENTRY 2 org.eclipse.equinox.p2.director 4 0 2010-06-17 21:17:42.437
!MESSAGE Missing requirement: 1276802261128 0.0.0.1276802261128 requires 'com.intland.hgbinary.win32.feature.group [1.4.3.v201005111545]' but it could not be found

!ENTRY org.eclipse.equinox.p2.ui 4 0 2010-06-17 21:17:42.446
!MESSAGE Operation details
!SUBENTRY 1 org.eclipse.equinox.p2.director 4 1 2010-06-17 21:17:42.446
!MESSAGE Cannot complete the install because one or more required items could not be found.
!SUBENTRY 2 org.eclipse.equinox.p2.director 4 0 2010-06-17 21:17:42.446
!MESSAGE Missing requirement: 1276802261128 0.0.0.1276802261128 requires 'com.intland.hgbinary.win32.feature.group [1.4.3.v201005111545]' but it could not be found

!ENTRY org.eclipse.equinox.p2.ui 4 0 2010-06-17 21:17:42.462
!MESSAGE Operation details
!SUBENTRY 1 org.eclipse.equinox.p2.director 4 1 2010-06-17 21:17:42.462
!MESSAGE Cannot complete the install because one or more required items could not be found.
!SUBENTRY 2 org.eclipse.equinox.p2.director 4 0 2010-06-17 21:17:42.462
!MESSAGE Missing requirement: 1276802261128 0.0.0.1276802261128 requires 'com.intland.hgbinary.win32.feature.group [1.4.3.v201005111545]' but it could not be found

!ENTRY org.eclipse.equinox.p2.ui 4 0 2010-06-17 21:17:42.487
!MESSAGE Operation details
!SUBENTRY 1 org.eclipse.equinox.p2.director 4 1 2010-06-17 21:17:42.487
!MESSAGE Cannot complete the install because one or more required items could not be found.
!SUBENTRY 2 org.eclipse.equinox.p2.director 4 0 2010-06-17 21:17:42.487
!MESSAGE Missing requirement: 1276802261128 0.0.0.1276802261128 requires 'com.intland.hgbinary.win32.feature.group [1.4.3.v201005111545]' but it could not be found

!ENTRY org.eclipse.equinox.p2.ui 4 0 2010-06-17 21:18:09.301
!MESSAGE Operation details
!SUBENTRY 1 org.eclipse.equinox.p2.director 4 1 2010-06-17 21:18:09.301
!MESSAGE Cannot complete the install because one or more required items could not be found.
!SUBENTRY 2 org.eclipse.equinox.p2.director 4 0 2010-06-17 21:18:09.301
!MESSAGE Missing requirement: 1276802261128 0.0.0.1276802261128 requires 'com.intland.hgbinary.win32.feature.group [1.4.3.v201005111545]' but it could not be found

!ENTRY org.eclipse.equinox.p2.ui 4 0 2010-06-17 21:18:14.969
!MESSAGE Operation details
!SUBENTRY 1 org.eclipse.equinox.p2.director 4 1 2010-06-17 21:18:14.970
!MESSAGE Cannot complete the install because one or more required items could not be found.
!SUBENTRY 2 org.eclipse.equinox.p2.director 4 0 2010-06-17 21:18:14.970
!MESSAGE Missing requirement: 1276802261128 0.0.0.1276802261128 requires 'com.intland.hgbinary.win32.feature.group [1.4.3.v201005111545]' but it could not be found
